<?xml version="1.0" encoding="UTF-8"?>
<persistence xmlns="https://jakarta.ee/xml/ns/persistence"
             xmlns:xsi="http://www.w3.org/2001/XMLSchema-instance"
             xsi:schemaLocation="https://jakarta.ee/xml/ns/persistence
             https://jakarta.ee/xml/ns/persistence/persistence_3_0.xsd"
             version="3.0">

    <persistence-unit name="testPU" transaction-type="RESOURCE_LOCAL">
        <provider>org.hibernate.jpa.HibernatePersistenceProvider</provider>

        <class>com.example.ibmmq.entity.MQMessage</class>

        <exclude-unlisted-classes>true</exclude-unlisted-classes>

        <properties>
            <!-- H2 Database for testing -->
            <property name="jakarta.persistence.jdbc.driver" value="org.h2.Driver"/>
            <property name="jakarta.persistence.jdbc.url" value="jdbc:h2:mem:testdb;DB_CLOSE_DELAY=-1;MODE=PostgreSQL"/>
            <property name="jakarta.persistence.jdbc.user" value="test"/>
            <property name="jakarta.persistence.jdbc.password" value="test"/>

            <!-- Hibernate properties -->
            <property name="hibernate.dialect" value="org.hibernate.dialect.H2Dialect"/>
            <property name="hibernate.hbm2ddl.auto" value="create-drop"/>
            <property name="hibernate.show_sql" value="false"/>
            <property name="hibernate.format_sql" value="true"/>

            <!-- Connection pool settings -->
            <property name="hibernate.connection.pool_size" value="10"/>
            <property name="hibernate.c3p0.min_size" value="5"/>
            <property name="hibernate.c3p0.max_size" value="20"/>
            <property name="hibernate.c3p0.timeout" value="300"/>
            <property name="hibernate.c3p0.max_statements" value="50"/>
            <property name="hibernate.c3p0.idle_test_period" value="3000"/>
        </properties>
    </persistence-unit>
</persistence>